[2025-11-09 06:58:18] INFO: Server started on port 8080
[2025-11-09 07:10:42] INFO: Server started on port 8080
[2025-11-09 07:13:21] INFO: Server started on port 8080
[2025-11-09 15:33:50] INFO: Server started on port 8080
[2025-11-09 15:35:19] INFO: Server started on port 8080
[2025-11-09 15:37:09] INFO: Server started on port 8080
[2025-11-09 16:47:59] INFO: Server started on port 8080
[2025-11-09 16:48:03] INFO: GET /index.html → 200 OK
[2025-11-09 16:48:03] INFO: GET /styles.css → 200 OK
[2025-11-09 17:24:21] INFO: Server Started on port 8080

[2025-11-09 17:24:28] INFO: GET /about.html 200

[2025-11-09 17:24:28] INFO: GET /styles.css 200

[2025-11-09 17:24:35] INFO: GET /index.html 200

[2025-11-09 17:24:35] INFO: GET /styles.css 200

[2025-11-09 17:37:43] INFO: Server Started on port 8080

[2025-11-09 17:37:47] INFO: GET /about.html 200

[2025-11-09 17:37:47] INFO: GET /styles.css 200

[2025-11-09 17:37:48] INFO: GET /index.html 200

[2025-11-09 17:37:48] INFO: GET /styles.css 200

[2025-11-09 17:53:00] INFO: Server Started on port 8080

[2025-11-09 17:53:10] INFO: GET /about.html 200

[2025-11-09 17:53:10] INFO: GET /styles.css 200

[2025-11-09 17:53:11] INFO: GET /index.html 200

[2025-11-09 17:53:11] INFO: GET /styles.css 200

[2025-11-09 18:02:16] INFO: Server Started on port 8080

[2025-11-09 18:03:11] INFO: Server Started on port 8080

[2025-11-09 18:03:24] INFO: GET /about.html 200

[2025-11-09 18:03:24] INFO: GET /styles.css 200

[2025-11-09 18:03:25] INFO: GET /index.html 200

[2025-11-09 18:03:25] INFO: GET /styles.css 200

[2025-11-09 18:03:26] INFO: GET /about.html 200

[2025-11-09 18:03:26] INFO: GET /styles.css 200

[2025-11-09 18:03:37] INFO: GET /index.html 200

[2025-11-09 18:03:37] INFO: GET /styles.css 200

[2025-11-09 18:03:38] INFO: GET /index.html 200

[2025-11-09 18:03:38] INFO: GET /styles.css 200

[2025-11-09 18:03:55] INFO: GET /about.html 200

[2025-11-09 18:03:55] INFO: GET /styles.css 200

[2025-11-09 18:07:08] INFO: GET /hello 200
GET /hello 200
GET /hello 200
GET /hello 200
GET /hello 200
GET /hello 200
GET /hello 200

[2025-11-09 18:07:08] INFO: GET /hello 200
GET /hello 200

[2025-11-09 18:07:08] INFO: GET /hello 200
GET /hello 200
GET /hello 200

[2025-11-09 18:07:08] INFO: GET /hello 200

[2025-11-09 18:07:08] INFO: GET /hello 200

[2025-11-09 18:07:08] INFO: GET /hello 200

[2025-11-09 18:07:08] INFO: GET /hello 200

[2025-11-09 18:07:08] INFO: GET /hello 200

[2025-11-09 18:07:08] INFO: GET /hello 200

[2025-11-09 18:07:08] INFO: GET /hello 200

[2025-11-09 18:07:08] INFO: GET /hello 200

[2025-11-09 18:07:08] INFO: GET /hello 200
GET /hello 200

[2025-11-09 18:07:08] INFO: GET /hello 200

[2025-11-09 18:07:08] INFO: GET /hello 200

[2025-11-09 18:07:08] INFO: GET /hello 200

[2025-11-09 18:07:08] INFO: GET /hello 200
GET /hello 200

[2025-11-09 18:07:08] INFO: GET /hello 200

[2025-11-09 18:07:08] INFO: GET /hello 200

[2025-11-09 18:07:08] INFO: GET /hello 200
[2025-11-09 18:07:08] INFO: 

[2025-11-09 18:07:08] INFO: GET /hello 200

[2025-11-09 18:07:08] INFO: GET /hello 200

[2025-11-09 18:07:08] INFO: GET /hello 200

[2025-11-09 18:07:08] INFO: GET /hello 200

[2025-11-09 18:07:08] INFO: GET /hello 200

[2025-11-09 18:07:08] INFO: GET /hello 200

[2025-11-09 18:07:08] INFO: GET /hello 200

[2025-11-09 18:07:08] INFO: GET /hello 200

[2025-11-09 18:07:08] INFO: GET /hello 200

[2025-11-09 18:07:08] INFO: GET /hello 200

[2025-11-09 18:07:08] INFO: GET /hello 200

[2025-11-09 18:07:08] INFO: GET /hello 200

[2025-11-09 18:07:08] INFO: GET /hello 200
[2025-11-09 18:07:08] INFO: 

[2025-11-09 18:07:08] INFO: GET /hello 200

[2025-11-09 18:07:08] INFO: GET /hello 200

[2025-11-09 18:07:08] INFO: GET /hello 200
[2025-11-09 18:07:08] INFO: 

[2025-11-09 18:07:08] INFO: GET /hello 200

[2025-11-09 18:07:08] INFO: GET /hello 200

[2025-11-09 18:07:08] INFO: GET /hello 200

[2025-11-09 18:07:08] INFO: GET /hello 200
[2025-11-09 18:07:08] INFO: 

[2025-11-09 18:07:08] INFO: GET /hello 200

[2025-11-09 18:07:08] INFO: GET /hello 200

[2025-11-09 18:07:08] INFO: GET /hello 200

[2025-11-09 18:07:08] INFO: GET /hello 200

[2025-11-09 18:07:08] INFO: GET /hello 200

[2025-11-09 18:07:08] INFO: GET /hello 200

[2025-11-09 18:07:08] INFO: GET /hello 200

[2025-11-09 18:07:08] INFO: GET /hello 200

[2025-11-09 18:07:08] INFO: GET /hello 200

[2025-11-09 18:07:08] INFO: GET /hello 200

[2025-11-09 18:07:08] INFO: GET /hello 200

[2025-11-09 18:07:08] INFO: GET /hello 200
[2025-11-09 18:07:08] INFO: 

[2025-11-09 18:07:08] INFO: GET /hello 200

[2025-11-09 18:07:08] INFO: GET /hello 200

[2025-11-09 18:07:08] INFO: GET /hello 200

[2025-11-09 18:07:09] INFO: GET /hello 200

[2025-11-09 18:07:09] INFO: GET /hello 200

[2025-11-09 18:07:09] INFO: GET /hello 200

[2025-11-09 18:07:09] INFO: GET /hello 200

[2025-11-09 18:07:09] INFO: GET /hello 200

[2025-11-09 18:07:09] INFO: GET /hello 200

[2025-11-09 18:07:09] INFO: GET /hello 200

[2025-11-09 18:07:09] INFO: GET /hello 200

[2025-11-09 18:07:09] INFO: GET /hello 200

[2025-11-09 18:07:09] INFO: GET /hello 200

[2025-11-09 18:07:09] INFO: GET /hello 200

[2025-11-09 18:07:09] INFO: GET /hello 200

[2025-11-09 18:07:09] INFO: GET /hello 200

[2025-11-09 18:07:09] INFO: GET /hello 200

[2025-11-09 18:07:09] INFO: GET /hello 200

[2025-11-09 18:07:09] INFO: GET /hello 200

[2025-11-09 18:07:09] INFO: GET /hello 200
[2025-11-09 18:07:09] INFO: 

[2025-11-09 18:07:09] INFO: GET /hello 200

[2025-11-09 18:07:09] INFO: GET /hello 200

[2025-11-09 18:07:09] INFO: GET /hello 200
[2025-11-09 18:07:09] INFO: 

[2025-11-09 18:07:09] INFO: GET /hello 200

[2025-11-09 18:07:09] INFO: GET /hello 200

[2025-11-09 18:07:09] INFO: GET /hello 200

[2025-11-09 18:07:09] INFO: GET /hello 200

[2025-11-09 18:07:09] INFO: GET /hello 200

[2025-11-09 18:07:09] INFO: GET /hello 200

[2025-11-09 18:07:09] INFO: GET /hello 200

[2025-11-09 18:07:09] INFO: GET /hello 200

[2025-11-09 18:07:09] INFO: GET /hello 200

[2025-11-09 18:07:09] INFO: GET /hello 200

[2025-11-09 18:07:09] INFO: GET /hello 200

[2025-11-09 18:07:09] INFO: GET /hello 200

[2025-11-09 18:07:09] INFO: GET /hello 200

[2025-11-09 18:07:09] INFO: GET /hello 200

[2025-11-09 18:07:09] INFO: GET /hello 200

[2025-11-09 18:08:18] INFO: GET /hello 200

[2025-11-09 18:08:18] INFO: GET /hello 200
[2025-11-09 18:08:18] INFO: 

[2025-11-09 18:08:18] INFO: GET /hello 200

[2025-11-09 18:08:18] INFO: GET /hello 200

[2025-11-09 18:08:18] INFO: GET /hello 200

[2025-11-09 18:08:18] INFO: GET /hello 200

[2025-11-09 18:08:18] INFO: GET /hello 200

[2025-11-09 18:08:18] INFO: GET /hello 200

[2025-11-09 18:08:18] INFO: GET /hello 200

[2025-11-09 18:08:18] INFO: GET /hello 200

[2025-11-09 18:08:18] INFO: GET /hello 200

[2025-11-09 18:08:18] INFO: GET /hello 200

[2025-11-09 18:08:18] INFO: GET /hello 200

[2025-11-09 18:08:18] INFO: GET /hello 200
[2025-11-09 18:08:18] INFO: 

[2025-11-09 18:08:18] INFO: GET /hello 200

[2025-11-09 18:08:18] INFO: GET /hello 200

[2025-11-09 18:08:18] INFO: GET /hello 200

[2025-11-09 18:08:18] INFO: GET /hello 200

[2025-11-09 18:08:18] INFO: GET /hello 200

[2025-11-09 18:08:18] INFO: GET /hello 200

[2025-11-09 18:08:18] INFO: GET /hello 200

[2025-11-09 18:08:18] INFO: GET /hello 200

[2025-11-09 18:08:18] INFO: GET /hello 200

[2025-11-09 18:08:18] INFO: GET /hello 200
[2025-11-09 18:08:18] INFO: 

[2025-11-09 18:08:18] INFO: GET /hello 200

[2025-11-09 18:08:18] INFO: GET /hello 200

[2025-11-09 18:08:18] INFO: GET /hello 200

[2025-11-09 18:08:18] INFO: GET /hello 200

[2025-11-09 18:08:18] INFO: GET /hello 200

[2025-11-09 18:08:18] INFO: GET /hello 200

[2025-11-09 18:08:18] INFO: GET /hello 200

[2025-11-09 18:08:18] INFO: GET /hello 200

[2025-11-09 18:08:18] INFO: GET /hello 200

[2025-11-09 18:08:18] INFO: GET /hello 200

[2025-11-09 18:08:18] INFO: GET /hello 200

[2025-11-09 18:08:19] INFO: GET /hello 200

[2025-11-09 18:08:19] INFO: GET /hello 200

[2025-11-09 18:08:19] INFO: GET /hello 200
[2025-11-09 18:08:19] INFO: 

[2025-11-09 18:08:19] INFO: GET /hello 200

[2025-11-09 18:08:19] INFO: GET /hello 200

[2025-11-09 18:08:19] INFO: GET /hello 200

[2025-11-09 18:08:19] INFO: GET /hello 200

[2025-11-09 18:08:19] INFO: GET /hello 200

[2025-11-09 18:08:19] INFO: GET /hello 200

[2025-11-09 18:08:19] INFO: GET /hello 200

[2025-11-09 18:08:19] INFO: GET /hello 200

[2025-11-09 18:08:19] INFO: GET /hello 200
[2025-11-09 18:08:19] INFO: 

[2025-11-09 18:08:19] INFO: GET /hello 200

[2025-11-09 18:08:19] INFO: GET /hello 200

[2025-11-09 18:08:19] INFO: GET /hello 200

[2025-11-09 18:08:19] INFO: GET /hello 200

[2025-11-09 18:08:19] INFO: GET /hello 200

[2025-11-09 18:08:19] INFO: GET /hello 200

[2025-11-09 18:08:19] INFO: GET /hello 200

[2025-11-09 18:08:19] INFO: GET /hello 200
[2025-11-09 18:08:19] INFO: 

[2025-11-09 18:08:19] INFO: GET /hello 200
[2025-11-09 18:08:19] INFO: 

[2025-11-09 18:08:19] INFO: GET /hello 200

[2025-11-09 18:08:19] INFO: GET /hello 200

[2025-11-09 18:08:19] INFO: GET /hello 200

[2025-11-09 18:08:19] INFO: GET /hello 200

[2025-11-09 18:08:19] INFO: GET /hello 200
[2025-11-09 18:08:19] INFO: 

[2025-11-09 18:08:19] INFO: GET /hello 200

[2025-11-09 18:08:19] INFO: GET /hello 200

[2025-11-09 18:08:19] INFO: GET /hello 200

[2025-11-09 18:08:19] INFO: GET /hello 200
[2025-11-09 18:08:19] INFO: 

[2025-11-09 18:08:19] INFO: GET /hello 200

[2025-11-09 18:08:19] INFO: GET /hello 200

[2025-11-09 18:08:19] INFO: GET /hello 200
[2025-11-09 18:08:19] INFO: 

[2025-11-09 18:08:19] INFO: GET /hello 200

[2025-11-09 18:08:19] INFO: GET /hello 200

[2025-11-09 18:08:20] INFO: GET /hello 200

[2025-11-09 18:08:20] INFO: GET /hello 200

[2025-11-09 18:08:20] INFO: GET /hello 200

[2025-11-09 18:08:20] INFO: GET /hello 200

[2025-11-09 18:08:20] INFO: GET /hello 200
[2025-11-09 18:08:20] INFO: 

[2025-11-09 18:08:20] INFO: GET /hello 200
[2025-11-09 18:08:20] INFO: 

[2025-11-09 18:08:20] INFO: GET /hello 200

[2025-11-09 18:08:20] INFO: GET /hello 200

[2025-11-09 18:08:20] INFO: GET /hello 200

[2025-11-09 18:08:20] INFO: GET /hello 200

[2025-11-09 18:08:20] INFO: GET /hello 200
[2025-11-09 18:08:20] INFO: 

[2025-11-09 18:08:20] INFO: GET /hello 200

[2025-11-09 18:08:20] INFO: GET /hello 200

[2025-11-09 18:08:20] INFO: GET /hello 200
[2025-11-09 18:08:20] INFO: 

[2025-11-09 18:08:20] INFO: GET /hello 200

[2025-11-09 18:08:20] INFO: GET /hello 200

[2025-11-09 18:08:20] INFO: GET /hello 200
[2025-11-09 18:08:20] INFO: 

[2025-11-09 18:08:20] INFO: GET /hello 200

[2025-11-09 18:08:20] INFO: GET /hello 200

[2025-11-09 18:08:20] INFO: GET /hello 200
[2025-11-09 18:08:20] INFO: 

[2025-11-09 18:08:20] INFO: GET /hello 200

[2025-11-09 18:08:20] INFO: GET /hello 200

[2025-11-09 18:08:20] INFO: GET /hello 200

[2025-11-09 18:08:20] INFO: GET /hello 200

[2025-11-09 18:08:20] INFO: GET /hello 200

[2025-11-09 18:08:20] INFO: GET /hello 200
[2025-11-09 18:08:20] INFO: 

[2025-11-09 18:08:20] INFO: GET /hello 200

[2025-11-09 18:08:20] INFO: GET /hello 200

[2025-11-09 18:08:20] INFO: GET /hello 200

[2025-11-09 18:08:20] INFO: GET /hello 200

[2025-11-09 18:08:32] INFO: GET /hello 200

[2025-11-09 18:08:32] INFO: GET /hello 200GET /hello 200

[2025-11-09 18:08:32] INFO: 
GET /hello 200

[2025-11-09 18:08:32] INFO: GET /hello 200

[2025-11-09 18:08:32] INFO: GET /hello 200

[2025-11-09 18:08:32] INFO: GET /hello 200
[2025-11-09 18:08:32] INFO: 

[2025-11-09 18:08:32] INFO: GET /hello 200

[2025-11-09 18:08:32] INFO: GET /hello 200

[2025-11-09 18:08:32] INFO: GET /hello 200

[2025-11-09 18:08:32] INFO: GET /hello 200

[2025-11-09 18:08:32] INFO: GET /hello 200

[2025-11-09 18:08:32] INFO: GET /hello 200

[2025-11-09 18:08:32] INFO: GET /hello 200

[2025-11-09 18:08:32] INFO: GET /hello 200
[2025-11-09 18:08:32] INFO: 

[2025-11-09 18:08:32] INFO: GET /hello 200

[2025-11-09 18:08:32] INFO: GET /hello 200

[2025-11-09 18:08:32] INFO: GET /hello 200GET /hello 200


[2025-11-09 18:08:32] INFO: GET /hello 200

[2025-11-09 18:08:32] INFO: GET /hello 200

[2025-11-09 18:08:32] INFO: GET /hello 200

[2025-11-09 18:08:32] INFO: GET /hello 200

[2025-11-09 18:08:32] INFO: GET /hello 200

[2025-11-09 18:08:32] INFO: GET /hello 200GET /hello 200


[2025-11-09 18:08:32] INFO: GET /hello 200

[2025-11-09 18:08:32] INFO: GET /hello 200

[2025-11-09 18:08:32] INFO: GET /hello 200
[2025-11-09 18:08:32] INFO: 

[2025-11-09 18:08:32] INFO: GET /hello 200

[2025-11-09 18:08:32] INFO: GET /hello 200
[2025-11-09 18:08:32] INFO: 

[2025-11-09 18:08:32] INFO: GET /hello 200
GET /hello 200

[2025-11-09 18:08:32] INFO: GET /hello 200

[2025-11-09 18:08:32] INFO: GET /hello 200

[2025-11-09 18:08:32] INFO: GET /hello 200
[2025-11-09 18:08:32] INFO: 

[2025-11-09 18:08:32] INFO: GET /hello 200
[2025-11-09 18:08:32] INFO: 

[2025-11-09 18:08:32] INFO: GET /hello 200

[2025-11-09 18:08:32] INFO: GET /hello 200

[2025-11-09 18:08:32] INFO: GET /hello 200

[2025-11-09 18:08:32] INFO: GET /hello 200
[2025-11-09 18:08:32] INFO: 

[2025-11-09 18:08:32] INFO: GET /hello 200
[2025-11-09 18:08:32] INFO: 

[2025-11-09 18:08:32] INFO: GET /hello 200
[2025-11-09 18:08:32] INFO: 

[2025-11-09 18:08:32] INFO: GET /hello 200

[2025-11-09 18:08:32] INFO: GET /hello 200
[2025-11-09 18:08:32] INFO: 

[2025-11-09 18:08:32] INFO: GET /hello 200

[2025-11-09 18:08:32] INFO: GET /hello 200

[2025-11-09 18:08:32] INFO: GET /hello 200
[2025-11-09 18:08:32] INFO: 

[2025-11-09 18:08:32] INFO: GET /hello 200

[2025-11-09 18:08:32] INFO: GET /hello 200

[2025-11-09 18:08:33] INFO: GET /hello 200

[2025-11-09 18:08:33] INFO: GET /hello 200

[2025-11-09 18:08:33] INFO: GET /hello 200

[2025-11-09 18:08:33] INFO: GET /hello 200

[2025-11-09 18:08:33] INFO: GET /hello 200

[2025-11-09 18:08:33] INFO: GET /hello 200

[2025-11-09 18:08:33] INFO: GET /hello 200

[2025-11-09 18:08:33] INFO: GET /hello 200

[2025-11-09 18:08:33] INFO: GET /hello 200
[2025-11-09 18:08:33] INFO: 

[2025-11-09 18:08:33] INFO: GET /hello 200

[2025-11-09 18:08:33] INFO: GET /hello 200
[2025-11-09 18:08:33] INFO: 

[2025-11-09 18:08:33] INFO: GET /hello 200

[2025-11-09 18:08:33] INFO: GET /hello 200

[2025-11-09 18:08:33] INFO: GET /hello 200

[2025-11-09 18:08:33] INFO: GET /hello 200

[2025-11-09 18:08:33] INFO: GET /hello 200

[2025-11-09 18:08:33] INFO: GET /hello 200

[2025-11-09 18:08:33] INFO: GET /hello 200

[2025-11-09 18:08:33] INFO: GET /hello 200

[2025-11-09 18:08:33] INFO: GET /hello 200

[2025-11-09 18:08:33] INFO: GET /hello 200

[2025-11-09 18:08:33] INFO: GET /hello 200
[2025-11-09 18:08:33] INFO: 
GET /hello 200

[2025-11-09 18:08:33] INFO: GET /hello 200

[2025-11-09 18:08:33] INFO: GET /hello 200

[2025-11-09 18:08:33] INFO: GET /hello 200

[2025-11-09 18:08:33] INFO: GET /hello 200

[2025-11-09 18:08:33] INFO: GET /hello 200

[2025-11-09 18:08:33] INFO: GET /hello 200

[2025-11-09 18:08:33] INFO: GET /hello 200

[2025-11-09 18:08:33] INFO: GET /hello 200

[2025-11-09 18:08:33] INFO: GET /hello 200

[2025-11-09 18:08:33] INFO: GET /hello 200

[2025-11-09 18:08:33] INFO: GET /hello 200

[2025-11-09 18:08:33] INFO: GET /hello 200

[2025-11-09 18:08:33] INFO: GET /hello 200

[2025-11-09 18:08:33] INFO: GET /hello 200

[2025-11-09 18:08:33] INFO: GET /hello 200

[2025-11-09 18:08:33] INFO: GET /hello 200

[2025-11-09 18:08:33] INFO: GET /hello 200

[2025-11-09 18:08:33] INFO: GET /hello 200

[2025-11-09 18:08:33] INFO: GET /hello 200GET /hello 200


[2025-11-09 18:08:33] INFO: GET /hello 200

[2025-11-09 18:08:33] INFO: GET /hello 200

[2025-11-09 18:08:33] INFO: GET /hello 200
[2025-11-09 18:08:33] INFO: 

[2025-11-09 18:08:33] INFO: GET /hello 200

[2025-11-09 18:08:33] INFO: GET /hello 200

[2025-11-09 18:08:33] INFO: GET /hello 200

[2025-11-09 18:08:33] INFO: GET /hello 200

[2025-11-09 18:09:20] INFO: GET /hello 200

[2025-11-09 18:09:20] INFO: GET /hello 200

[2025-11-09 18:09:20] INFO: GET /hello 200

[2025-11-09 18:09:20] INFO: GET /hello 200

[2025-11-09 18:09:20] INFO: GET /hello 200

[2025-11-09 18:09:21] INFO: GET /hello 200

[2025-11-09 18:09:21] INFO: GET /hello 200

[2025-11-09 18:09:21] INFO: GET /hello 200

[2025-11-09 18:09:21] INFO: GET /hello 200

[2025-11-09 18:09:21] INFO: GET /hello 200

[2025-11-09 18:09:21] INFO: GET /hello 200

[2025-11-09 18:09:21] INFO: GET /hello 200

[2025-11-09 18:09:21] INFO: GET /hello 200

[2025-11-09 18:09:21] INFO: GET /hello 200

[2025-11-09 18:09:21] INFO: GET /hello 200

[2025-11-09 18:09:21] INFO: GET /hello 200

[2025-11-09 18:09:21] INFO: GET /hello 200

[2025-11-09 18:09:21] INFO: GET /hello 200

[2025-11-09 18:09:21] INFO: GET /hello 200

[2025-11-09 18:09:21] INFO: GET /hello 200

[2025-11-09 18:09:21] INFO: GET /hello 200

[2025-11-09 18:09:21] INFO: GET /hello 200

[2025-11-09 18:09:21] INFO: GET /hello 200

[2025-11-09 18:09:21] INFO: GET /hello 200

[2025-11-09 18:09:21] INFO: GET /hello 200

[2025-11-09 18:09:21] INFO: GET /hello 200

[2025-11-09 18:09:21] INFO: GET /hello 200

[2025-11-09 18:09:21] INFO: GET /hello 200

[2025-11-09 18:09:21] INFO: GET /hello 200

[2025-11-09 18:09:21] INFO: GET /hello 200

[2025-11-09 18:09:21] INFO: GET /hello 200
[2025-11-09 18:09:21] INFO: 

[2025-11-09 18:09:21] INFO: GET /hello 200

[2025-11-09 18:09:21] INFO: GET /hello 200

[2025-11-09 18:09:21] INFO: GET /hello 200

[2025-11-09 18:09:21] INFO: GET /hello 200

[2025-11-09 18:09:21] INFO: GET /hello 200

[2025-11-09 18:09:21] INFO: GET /hello 200

[2025-11-09 18:09:21] INFO: GET /hello 200

[2025-11-09 18:09:21] INFO: GET /hello 200

[2025-11-09 18:09:21] INFO: GET /hello 200

[2025-11-09 18:09:21] INFO: GET /hello 200

[2025-11-09 18:09:21] INFO: GET /hello 200

[2025-11-09 18:09:21] INFO: GET /hello 200

[2025-11-09 18:09:21] INFO: GET /hello 200

[2025-11-09 18:09:22] INFO: GET /hello 200

[2025-11-09 18:09:22] INFO: GET /hello 200
[2025-11-09 18:09:22] INFO: 

[2025-11-09 18:09:22] INFO: GET /hello 200

[2025-11-09 18:09:22] INFO: GET /hello 200

[2025-11-09 18:09:22] INFO: GET /hello 200

[2025-11-09 18:09:22] INFO: GET /hello 200

[2025-11-09 18:09:22] INFO: GET /hello 200

[2025-11-09 18:09:22] INFO: GET /hello 200

[2025-11-09 18:09:22] INFO: GET /hello 200

[2025-11-09 18:09:22] INFO: GET /hello 200

[2025-11-09 18:09:22] INFO: GET /hello 200

[2025-11-09 18:09:22] INFO: GET /hello 200
[2025-11-09 18:09:22] INFO: 

[2025-11-09 18:09:22] INFO: GET /hello 200

[2025-11-09 18:09:22] INFO: GET /hello 200

[2025-11-09 18:09:22] INFO: GET /hello 200

[2025-11-09 18:09:22] INFO: GET /hello 200

[2025-11-09 18:09:22] INFO: GET /hello 200

[2025-11-09 18:09:22] INFO: GET /hello 200

[2025-11-09 18:09:22] INFO: GET /hello 200

[2025-11-09 18:09:22] INFO: GET /hello 200

[2025-11-09 18:09:22] INFO: GET /hello 200
[2025-11-09 18:09:22] INFO: 

[2025-11-09 18:09:22] INFO: GET /hello 200

[2025-11-09 18:09:22] INFO: GET /hello 200

[2025-11-09 18:09:22] INFO: GET /hello 200

[2025-11-09 18:09:22] INFO: GET /hello 200

[2025-11-09 18:09:22] INFO: GET /hello 200

[2025-11-09 18:09:22] INFO: GET /hello 200

[2025-11-09 18:09:22] INFO: GET /hello 200

[2025-11-09 18:09:22] INFO: GET /hello 200
[2025-11-09 18:09:22] INFO: 

[2025-11-09 18:09:22] INFO: GET /hello 200
[2025-11-09 18:09:22] INFO: 

[2025-11-09 18:09:22] INFO: GET /hello 200
[2025-11-09 18:09:22] INFO: 

[2025-11-09 18:09:22] INFO: GET /hello 200

[2025-11-09 18:09:22] INFO: GET /hello 200
[2025-11-09 18:09:22] INFO: 

[2025-11-09 18:09:22] INFO: GET /hello 200

[2025-11-09 18:09:22] INFO: GET /hello 200

[2025-11-09 18:09:22] INFO: GET /hello 200

[2025-11-09 18:09:22] INFO: GET /hello 200

[2025-11-09 18:09:22] INFO: GET /hello 200
[2025-11-09 18:09:22] INFO: 

[2025-11-09 18:09:22] INFO: GET /hello 200

[2025-11-09 18:09:22] INFO: GET /hello 200

[2025-11-09 18:09:22] INFO: GET /hello 200
[2025-11-09 18:09:22] INFO: 

[2025-11-09 18:09:22] INFO: GET /hello 200
[2025-11-09 18:09:22] INFO: 

[2025-11-09 18:09:22] INFO: GET /hello 200

[2025-11-09 18:09:23] INFO: GET /hello 200

[2025-11-09 18:09:23] INFO: GET /hello 200

[2025-11-09 18:09:23] INFO: GET /hello 200

[2025-11-09 18:09:23] INFO: GET /hello 200

[2025-11-09 18:09:23] INFO: GET /hello 200

[2025-11-09 18:09:23] INFO: GET /hello 200

[2025-11-09 18:09:23] INFO: GET /hello 200

[2025-11-09 18:09:23] INFO: GET /hello 200
[2025-11-09 18:09:23] INFO: 

[2025-11-09 18:09:23] INFO: GET /hello 200

[2025-11-09 18:09:23] INFO: GET /hello 200

[2025-11-09 18:09:23] INFO: GET /hello 200

[2025-11-09 18:09:23] INFO: GET /hello 200

[2025-11-09 18:09:23] INFO: GET /hello 200

[2025-11-09 18:09:49] INFO: GET /hello 200

[2025-11-09 18:09:49] INFO: GET /hello 200

[2025-11-09 18:09:49] INFO: GET /hello 200
GET /hello 200

[2025-11-09 18:09:49] INFO: GET /hello 200

[2025-11-09 18:09:49] INFO: GET /hello 200

[2025-11-09 18:09:49] INFO: GET /hello 200

[2025-11-09 18:09:49] INFO: GET /hello 200

[2025-11-09 18:09:49] INFO: GET /hello 200

[2025-11-09 18:09:49] INFO: GET /hello 200

[2025-11-09 18:09:49] INFO: GET /hello 200
GET /hello 200

[2025-11-09 18:09:49] INFO: GET /hello 200

[2025-11-09 18:09:49] INFO: GET /hello 200

[2025-11-09 18:09:49] INFO: GET /hello 200

[2025-11-09 18:09:49] INFO: GET /hello 200

[2025-11-09 18:09:49] INFO: GET /hello 200

[2025-11-09 18:09:49] INFO: GET /hello 200
[2025-11-09 18:09:49] INFO: 

[2025-11-09 18:09:49] INFO: GET /hello 200
[2025-11-09 18:09:49] INFO: 

[2025-11-09 18:09:49] INFO: GET /hello 200

[2025-11-09 18:09:49] INFO: GET /hello 200

[2025-11-09 18:09:49] INFO: GET /hello 200

[2025-11-09 18:09:49] INFO: GET /hello 200

[2025-11-09 18:09:49] INFO: GET /hello 200

[2025-11-09 18:09:50] INFO: GET /hello 200

[2025-11-09 18:09:50] INFO: GET /hello 200
[2025-11-09 18:09:50] INFO: 

[2025-11-09 18:09:50] INFO: GET /hello 200

[2025-11-09 18:09:50] INFO: GET /hello 200

[2025-11-09 18:09:50] INFO: GET /hello 200

[2025-11-09 18:09:50] INFO: GET /hello 200

[2025-11-09 18:09:50] INFO: GET /hello 200
[2025-11-09 18:09:50] INFO: 

[2025-11-09 18:09:50] INFO: GET /hello 200
[2025-11-09 18:09:50] INFO: 

[2025-11-09 18:09:50] INFO: GET /hello 200
[2025-11-09 18:09:50] INFO: 

[2025-11-09 18:09:50] INFO: GET /hello 200

[2025-11-09 18:09:50] INFO: GET /hello 200

[2025-11-09 18:09:50] INFO: GET /hello 200

[2025-11-09 18:09:50] INFO: GET /hello 200
[2025-11-09 18:09:50] INFO: 

[2025-11-09 18:09:50] INFO: GET /hello 200

[2025-11-09 18:09:50] INFO: GET /hello 200

[2025-11-09 18:09:50] INFO: GET /hello 200

[2025-11-09 18:09:50] INFO: GET /hello 200

[2025-11-09 18:09:50] INFO: GET /hello 200

[2025-11-09 18:09:50] INFO: GET /hello 200

[2025-11-09 18:09:50] INFO: GET /hello 200

[2025-11-09 18:09:50] INFO: GET /hello 200
[2025-11-09 18:09:50] INFO: 

[2025-11-09 18:09:50] INFO: GET /hello 200

[2025-11-09 18:09:50] INFO: GET /hello 200

[2025-11-09 18:09:50] INFO: GET /hello 200

[2025-11-09 18:09:50] INFO: GET /hello 200

[2025-11-09 18:09:50] INFO: GET /hello 200
[2025-11-09 18:09:50] INFO: 

[2025-11-09 18:09:50] INFO: GET /hello 200

[2025-11-09 18:09:50] INFO: GET /hello 200

[2025-11-09 18:09:50] INFO: GET /hello 200

[2025-11-09 18:09:50] INFO: GET /hello 200

[2025-11-09 18:09:50] INFO: GET /hello 200

[2025-11-09 18:09:50] INFO: GET /hello 200

[2025-11-09 18:09:50] INFO: GET /hello 200

[2025-11-09 18:09:50] INFO: GET /hello 200

[2025-11-09 18:09:50] INFO: GET /hello 200

[2025-11-09 18:09:50] INFO: GET /hello 200
GET /hello 200
[2025-11-09 18:09:50] INFO: 

[2025-11-09 18:09:50] INFO: GET /hello 200

[2025-11-09 18:09:50] INFO: GET /hello 200
[2025-11-09 18:09:50] INFO: 

[2025-11-09 18:09:50] INFO: GET /hello 200
[2025-11-09 18:09:50] INFO: 

[2025-11-09 18:09:50] INFO: GET /hello 200

[2025-11-09 18:09:50] INFO: GET /hello 200

[2025-11-09 18:09:50] INFO: GET /hello 200

[2025-11-09 18:09:50] INFO: GET /hello 200

[2025-11-09 18:09:50] INFO: GET /hello 200

[2025-11-09 18:09:50] INFO: GET /hello 200

[2025-11-09 18:09:50] INFO: GET /hello 200

[2025-11-09 18:09:50] INFO: GET /hello 200

[2025-11-09 18:09:50] INFO: GET /hello 200

[2025-11-09 18:09:50] INFO: GET /hello 200

[2025-11-09 18:09:50] INFO: GET /hello 200

[2025-11-09 18:09:50] INFO: GET /hello 200

[2025-11-09 18:09:50] INFO: GET /hello 200

[2025-11-09 18:09:50] INFO: GET /hello 200
[2025-11-09 18:09:50] INFO: 

[2025-11-09 18:09:50] INFO: GET /hello 200

[2025-11-09 18:09:50] INFO: GET /hello 200

[2025-11-09 18:09:50] INFO: GET /hello 200

[2025-11-09 18:09:50] INFO: GET /hello 200

[2025-11-09 18:09:50] INFO: GET /hello 200

[2025-11-09 18:09:50] INFO: GET /hello 200
[2025-11-09 18:09:50] INFO: 

[2025-11-09 18:09:50] INFO: GET /hello 200

[2025-11-09 18:09:50] INFO: GET /hello 200

[2025-11-09 18:09:50] INFO: GET /hello 200

[2025-11-09 18:09:50] INFO: GET /hello 200

[2025-11-09 18:09:50] INFO: GET /hello 200

[2025-11-09 18:09:50] INFO: GET /hello 200

[2025-11-09 18:09:50] INFO: GET /hello 200
[2025-11-09 18:09:50] INFO: 

[2025-11-09 18:09:50] INFO: GET /hello 200

[2025-11-09 18:09:50] INFO: GET /hello 200

[2025-11-09 18:09:50] INFO: GET /hello 200

[2025-11-09 18:09:50] INFO: GET /hello 200

[2025-11-09 18:09:50] INFO: GET /hello 200

[2025-11-09 18:09:50] INFO: GET /hello 200

[2025-11-09 18:09:50] INFO: GET /hello 200
[2025-11-09 18:09:50] INFO: 

[2025-11-09 18:09:50] INFO: GET /hello 200

[2025-11-09 18:09:50] INFO: GET /hello 200

[2025-11-09 18:11:23] INFO: GET /about.html 200

[2025-11-09 18:12:11] INFO: GET /about.html 200

[2025-11-09 18:12:11] INFO: GET /about.html 200

[2025-11-09 18:12:11] INFO: GET /about.html 200

[2025-11-09 18:12:11] INFO: GET /about.html 200

[2025-11-09 18:12:11] INFO: GET /about.html 200

[2025-11-09 18:12:11] INFO: GET /about.html 200

[2025-11-09 18:12:11] INFO: GET /about.html 200

[2025-11-09 18:12:11] INFO: GET /about.html 200

[2025-11-09 18:12:11] INFO: GET /about.html 200

[2025-11-09 18:12:11] INFO: GET /about.html 200

[2025-11-09 18:12:11] INFO: GET /about.html 200

[2025-11-09 18:12:11] INFO: GET /about.html 200

[2025-11-09 18:12:11] INFO: GET /about.html 200

[2025-11-09 18:12:11] INFO: GET /about.html 200

[2025-11-09 18:12:11] INFO: GET /about.html 200

[2025-11-09 18:12:11] INFO: GET /about.html 200

[2025-11-09 18:12:11] INFO: GET /about.html 200

[2025-11-09 18:12:11] INFO: GET /about.html 200

[2025-11-09 18:12:11] INFO: GET /about.html 200

[2025-11-09 18:12:11] INFO: GET /about.html 200

[2025-11-09 18:12:18] INFO: GET /about.html 200

[2025-11-09 18:12:18] INFO: GET /about.html 200

[2025-11-09 18:12:18] INFO: GET /about.html 200

[2025-11-09 18:12:18] INFO: GET /about.html 200
GET /about.html 200

[2025-11-09 18:12:18] INFO: GET /about.html 200

[2025-11-09 18:12:18] INFO: GET /about.html 200

[2025-11-09 18:12:19] INFO: GET /about.html 200

[2025-11-09 18:12:19] INFO: GET /about.html 200
GET /about.html 200

[2025-11-09 18:12:19] INFO: GET /about.html 200

[2025-11-09 18:12:19] INFO: GET /about.html 200

[2025-11-09 18:12:19] INFO: GET /about.html 200

[2025-11-09 18:12:19] INFO: GET /about.html 200

[2025-11-09 18:12:19] INFO: GET /about.html 200

[2025-11-09 18:12:19] INFO: GET /about.html 200

[2025-11-09 18:12:19] INFO: GET /about.html 200

[2025-11-09 18:12:19] INFO: GET /about.html 200
[2025-11-09 18:12:19] INFO: 

[2025-11-09 18:12:19] INFO: GET /about.html 200

[2025-11-09 18:12:19] INFO: GET /about.html 200

[2025-11-09 18:18:51] INFO: Server Started on port 8080

[2025-11-11 12:48:16] INFO: Server Started on port 8080

[2025-11-11 12:48:31] INFO: GET /about.html 200

[2025-11-11 12:48:31] INFO: GET /styles.css 200

[2025-11-11 12:48:35] INFO: GET /index.html 200

[2025-11-11 12:48:35] INFO: GET /styles.css 200

[2025-11-13 11:33:03] INFO: Server Started on port 8080

[2025-11-13 11:33:09] INFO: GET /index.html 200

[2025-11-13 11:33:10] INFO: GET /styles.css 200

[2025-11-13 11:33:11] INFO: GET /about.html 200

[2025-11-13 11:33:11] INFO: GET /styles.css 200

[2025-11-13 11:33:13] INFO: GET /index.html 200

[2025-11-13 11:33:13] INFO: GET /styles.css 200

[2025-11-13 11:39:42] INFO: INVALID (none) 400

[2025-11-13 11:39:42] INFO: INVALID (none) 400

[2025-11-13 11:39:42] INFO: INVALID (none) 400

